Active-HDL 9.1.2353.4205  2017-06-02 12:20:14

Elaboration top modules:
Architecture                  behavior(microsquencer)


-----------------------------------------------------------------------------------------------
Entity        | Architecture | Library | Info | Compiler Version         | Compilation Options
-----------------------------------------------------------------------------------------------
microsquencer | behavior     | l       |      | 9.1.2353.4205  (Windows) | -O3
-----------------------------------------------------------------------------------------------

-----------------------------------------------------------------------------------------------
VHDL Package                 | Library | Info | Compiler Version         | Compilation Options
-----------------------------------------------------------------------------------------------
standard                     | std     |      |                          | <unavailable>
TEXTIO                       | std     |      | 9.1.2353.4205  (Windows) |  -2008
std_logic_1164               | ieee    |      | 9.1.2353.4205  (Windows) |  -2008
std_logic_arith              | ieee    |      | 9.1.2353.4205  (Windows) | 
STD_LOGIC_UNSIGNED           | ieee    |      | 9.1.2353.4205  (Windows) | 
-----------------------------------------------------------------------------------------------

-----------------------------------------------------------------------------------------------
Library                      | Comment
-----------------------------------------------------------------------------------------------
ieee                         | Standard IEEE packages library
l                            | None
std                          | Standard VHDL library
-----------------------------------------------------------------------------------------------
